<?xml version="1.0" encoding="UTF-8"?>
<testng-results ignored="0" total="1" passed="1" failed="0" skipped="0">
  <reporter-output>
  </reporter-output>
  <suite started-at="2024-12-10T10:37:22 IST" name="Default suite" finished-at="2024-12-10T10:37:40 IST" duration-ms="18298">
    <groups>
    </groups>
    <test started-at="2024-12-10T10:37:22 IST" name="Default test" finished-at="2024-12-10T10:37:40 IST" duration-ms="18298">
      <class name="utility.Environment">
        <test-method signature="initializeEnvironment()[pri:0, instance:utility.Environment@cc43f62]" started-at="2024-12-10T10:37:22 IST" name="initializeEnvironment" finished-at="2024-12-10T10:37:40 IST" duration-ms="18249" status="PASS">
          <reporter-output>
          </reporter-output>
        </test-method> <!-- initializeEnvironment -->
      </class> <!-- utility.Environment -->
    </test> <!-- Default test -->
  </suite> <!-- Default suite -->
</testng-results>
